1560953593.819092 client started (83068): version 2.7, socket /private/tmp/tmux-501/default, protocol 8
1560953593.819179 on Darwin 18.6.0 Darwin Kernel Version 18.6.0: Thu Apr 25 23:16:27 PDT 2019; root:xnu-4903.261.4~2/RELEASE_X86_64; libevent 2.1.8-stable (select)
1560953593.819226 socket is /private/tmp/tmux-501/default
1560953593.819252 trying connect
1560953593.819284 connect failed: Connection refused
1560953593.819479 lock file is /private/tmp/tmux-501/default.lock
1560953593.819581 flock succeeded
1560953593.819594 got lock (7)
1560953593.819606 trying connect
1560953593.819619 connect failed: Connection refused
1560953593.820115 add peer 0x108201000: 8 (0x0)
1560953593.821590 sending message 100 to peer 0x108201000 (4 bytes)
1560953593.821619 sending message 101 to peer 0x108201000 (15 bytes)
1560953593.821632 sending message 102 to peer 0x108201000 (13 bytes)
1560953593.821642 sending message 108 to peer 0x108201000 (21 bytes)
1560953593.821663 sending message 104 to peer 0x108201000 (0 bytes)
1560953593.821674 sending message 107 to peer 0x108201000 (4 bytes)
1560953593.821684 sending message 105 to peer 0x108201000 (60 bytes)
1560953593.821693 sending message 105 to peer 0x108201000 (66 bytes)
1560953593.821702 sending message 105 to peer 0x108201000 (76 bytes)
1560953593.821711 sending message 105 to peer 0x108201000 (15 bytes)
1560953593.821721 sending message 105 to peer 0x108201000 (22 bytes)
1560953593.821729 sending message 105 to peer 0x108201000 (14 bytes)
1560953593.821738 sending message 105 to peer 0x108201000 (17 bytes)
1560953593.821745 sending message 105 to peer 0x108201000 (25 bytes)
1560953593.821753 sending message 105 to peer 0x108201000 (15 bytes)
1560953593.821760 sending message 105 to peer 0x108201000 (27 bytes)
1560953593.821767 sending message 105 to peer 0x108201000 (23 bytes)
1560953593.821775 sending message 105 to peer 0x108201000 (317 bytes)
1560953593.821782 sending message 105 to peer 0x108201000 (20 bytes)
1560953593.821791 sending message 105 to peer 0x108201000 (20 bytes)
1560953593.821799 sending message 105 to peer 0x108201000 (18 bytes)
1560953593.821807 sending message 105 to peer 0x108201000 (57 bytes)
1560953593.821815 sending message 105 to peer 0x108201000 (11 bytes)
1560953593.821824 sending message 105 to peer 0x108201000 (19 bytes)
1560953593.821833 sending message 105 to peer 0x108201000 (14 bytes)
1560953593.821841 sending message 105 to peer 0x108201000 (32 bytes)
1560953593.821850 sending message 105 to peer 0x108201000 (61 bytes)
1560953593.821858 sending message 105 to peer 0x108201000 (8 bytes)
1560953593.821867 sending message 105 to peer 0x108201000 (61 bytes)
1560953593.821876 sending message 105 to peer 0x108201000 (28 bytes)
1560953593.821884 sending message 105 to peer 0x108201000 (11 bytes)
1560953593.821893 sending message 105 to peer 0x108201000 (8 bytes)
1560953593.821902 sending message 105 to peer 0x108201000 (21 bytes)
1560953593.821911 sending message 105 to peer 0x108201000 (30 bytes)
1560953593.821920 sending message 105 to peer 0x108201000 (26 bytes)
1560953593.821929 sending message 105 to peer 0x108201000 (16 bytes)
1560953593.821938 sending message 105 to peer 0x108201000 (52 bytes)
1560953593.821947 sending message 105 to peer 0x108201000 (24 bytes)
1560953593.821992 sending message 105 to peer 0x108201000 (27 bytes)
1560953593.822068 sending message 105 to peer 0x108201000 (35 bytes)
1560953593.822078 sending message 105 to peer 0x108201000 (20 bytes)
1560953593.822088 sending message 105 to peer 0x108201000 (17 bytes)
1560953593.822097 sending message 105 to peer 0x108201000 (22 bytes)
1560953593.822106 sending message 105 to peer 0x108201000 (20 bytes)
1560953593.822114 sending message 105 to peer 0x108201000 (28 bytes)
1560953593.822123 sending message 105 to peer 0x108201000 (43 bytes)
1560953593.822133 sending message 105 to peer 0x108201000 (84 bytes)
1560953593.822142 sending message 105 to peer 0x108201000 (49 bytes)
1560953593.822151 sending message 105 to peer 0x108201000 (49 bytes)
1560953593.822160 sending message 105 to peer 0x108201000 (24 bytes)
1560953593.822183 sending message 105 to peer 0x108201000 (11 bytes)
1560953593.822190 sending message 105 to peer 0x108201000 (20 bytes)
1560953593.822196 sending message 105 to peer 0x108201000 (14 bytes)
1560953593.822202 sending message 105 to peer 0x108201000 (15 bytes)
1560953593.822207 sending message 105 to peer 0x108201000 (27 bytes)
1560953593.822213 sending message 105 to peer 0x108201000 (18 bytes)
1560953593.822219 sending message 105 to peer 0x108201000 (14 bytes)
1560953593.822225 sending message 105 to peer 0x108201000 (18 bytes)
1560953593.822231 sending message 105 to peer 0x108201000 (20 bytes)
1560953593.822237 sending message 105 to peer 0x108201000 (23 bytes)
1560953593.822243 sending message 105 to peer 0x108201000 (11 bytes)
1560953593.822249 sending message 105 to peer 0x108201000 (16 bytes)
1560953593.822255 sending message 105 to peer 0x108201000 (15 bytes)
1560953593.822261 sending message 105 to peer 0x108201000 (15 bytes)
1560953593.822267 sending message 105 to peer 0x108201000 (15 bytes)
1560953593.822273 sending message 105 to peer 0x108201000 (23 bytes)
1560953593.822279 sending message 105 to peer 0x108201000 (15 bytes)
1560953593.822285 sending message 105 to peer 0x108201000 (17 bytes)
1560953593.822291 sending message 105 to peer 0x108201000 (9 bytes)
1560953593.822301 sending message 105 to peer 0x108201000 (17 bytes)
1560953593.822307 sending message 105 to peer 0x108201000 (14 bytes)
1560953593.822313 sending message 105 to peer 0x108201000 (10 bytes)
1560953593.822319 sending message 105 to peer 0x108201000 (22 bytes)
1560953593.822326 sending message 106 to peer 0x108201000 (0 bytes)
1560953593.822336 sending message 200 to peer 0x108201000 (4 bytes)
1560953593.822343 client loop enter
1560953593.839643 peer 0x108201000 message 207
1560953593.839654 sending message 208 to peer 0x108201000 (0 bytes)
1560953602.641176 peer 0x108201000 message 203
1560953602.641200 sending message 205 to peer 0x108201000 (0 bytes)
1560953602.641521 peer 0x108201000 message 204
1560953602.641541 client loop exit
