1560953581.758671 client started (83043): version 2.7, socket /private/tmp/tmux-501/default, protocol 8
1560953581.758714 on Darwin 18.6.0 Darwin Kernel Version 18.6.0: Thu Apr 25 23:16:27 PDT 2019; root:xnu-4903.261.4~2/RELEASE_X86_64; libevent 2.1.8-stable (select)
1560953581.758752 socket is /private/tmp/tmux-501/default
1560953581.758771 trying connect
1560953581.758856 add peer 0x10f816000: 7 (0x0)
1560953581.759917 sending message 100 to peer 0x10f816000 (4 bytes)
1560953581.759933 sending message 101 to peer 0x10f816000 (16 bytes)
1560953581.759940 sending message 102 to peer 0x10f816000 (13 bytes)
1560953581.759946 sending message 108 to peer 0x10f816000 (21 bytes)
1560953581.759961 sending message 104 to peer 0x10f816000 (0 bytes)
1560953581.759968 sending message 107 to peer 0x10f816000 (4 bytes)
1560953581.759974 sending message 105 to peer 0x10f816000 (76 bytes)
1560953581.759979 sending message 105 to peer 0x10f816000 (11 bytes)
1560953581.759985 sending message 105 to peer 0x10f816000 (15 bytes)
1560953581.759991 sending message 105 to peer 0x10f816000 (20 bytes)
1560953581.759996 sending message 105 to peer 0x10f816000 (43 bytes)
1560953581.760002 sending message 105 to peer 0x10f816000 (84 bytes)
1560953581.760007 sending message 105 to peer 0x10f816000 (18 bytes)
1560953581.760013 sending message 105 to peer 0x10f816000 (49 bytes)
1560953581.760019 sending message 105 to peer 0x10f816000 (22 bytes)
1560953581.760024 sending message 105 to peer 0x10f816000 (61 bytes)
1560953581.760030 sending message 105 to peer 0x10f816000 (17 bytes)
1560953581.760035 sending message 105 to peer 0x10f816000 (21 bytes)
1560953581.760041 sending message 105 to peer 0x10f816000 (8 bytes)
1560953581.760047 sending message 105 to peer 0x10f816000 (14 bytes)
1560953581.760052 sending message 105 to peer 0x10f816000 (30 bytes)
1560953581.760058 sending message 105 to peer 0x10f816000 (49 bytes)
1560953581.760063 sending message 105 to peer 0x10f816000 (16 bytes)
1560953581.760069 sending message 105 to peer 0x10f816000 (26 bytes)
1560953581.760074 sending message 105 to peer 0x10f816000 (28 bytes)
1560953581.760080 sending message 105 to peer 0x10f816000 (11 bytes)
1560953581.760086 sending message 105 to peer 0x10f816000 (440 bytes)
1560953581.760091 sending message 105 to peer 0x10f816000 (25 bytes)
1560953581.760097 sending message 105 to peer 0x10f816000 (24 bytes)
1560953581.760102 sending message 105 to peer 0x10f816000 (15 bytes)
1560953581.760108 sending message 105 to peer 0x10f816000 (8 bytes)
1560953581.760113 sending message 105 to peer 0x10f816000 (66 bytes)
1560953581.760119 sending message 105 to peer 0x10f816000 (21 bytes)
1560953581.760124 sending message 105 to peer 0x10f816000 (23 bytes)
1560953581.760130 sending message 105 to peer 0x10f816000 (27 bytes)
1560953581.760136 sending message 105 to peer 0x10f816000 (60 bytes)
1560953581.760143 sending message 105 to peer 0x10f816000 (57 bytes)
1560953581.760149 sending message 105 to peer 0x10f816000 (43 bytes)
1560953581.760155 sending message 105 to peer 0x10f816000 (13 bytes)
1560953581.760160 sending message 105 to peer 0x10f816000 (11 bytes)
1560953581.760166 sending message 105 to peer 0x10f816000 (14 bytes)
1560953581.760171 sending message 105 to peer 0x10f816000 (19 bytes)
1560953581.760177 sending message 105 to peer 0x10f816000 (28 bytes)
1560953581.760182 sending message 105 to peer 0x10f816000 (32 bytes)
1560953581.760188 sending message 105 to peer 0x10f816000 (109 bytes)
1560953581.760194 sending message 105 to peer 0x10f816000 (20 bytes)
1560953581.760199 sending message 105 to peer 0x10f816000 (14 bytes)
1560953581.760205 sending message 105 to peer 0x10f816000 (35 bytes)
1560953581.760210 sending message 105 to peer 0x10f816000 (15 bytes)
1560953581.760216 sending message 105 to peer 0x10f816000 (27 bytes)
1560953581.760222 sending message 105 to peer 0x10f816000 (18 bytes)
1560953581.760227 sending message 105 to peer 0x10f816000 (10 bytes)
1560953581.760233 sending message 105 to peer 0x10f816000 (14 bytes)
1560953581.760238 sending message 105 to peer 0x10f816000 (18 bytes)
1560953581.760253 sending message 105 to peer 0x10f816000 (20 bytes)
1560953581.760257 sending message 105 to peer 0x10f816000 (27 bytes)
1560953581.760261 sending message 105 to peer 0x10f816000 (24 bytes)
1560953581.760264 sending message 105 to peer 0x10f816000 (23 bytes)
1560953581.760268 sending message 105 to peer 0x10f816000 (11 bytes)
1560953581.760272 sending message 105 to peer 0x10f816000 (16 bytes)
1560953581.760275 sending message 105 to peer 0x10f816000 (15 bytes)
1560953581.760279 sending message 105 to peer 0x10f816000 (15 bytes)
1560953581.760283 sending message 105 to peer 0x10f816000 (15 bytes)
1560953581.760286 sending message 105 to peer 0x10f816000 (23 bytes)
1560953581.760290 sending message 105 to peer 0x10f816000 (15 bytes)
1560953581.760293 sending message 105 to peer 0x10f816000 (17 bytes)
1560953581.760297 sending message 105 to peer 0x10f816000 (9 bytes)
1560953581.760301 sending message 105 to peer 0x10f816000 (17 bytes)
1560953581.760304 sending message 105 to peer 0x10f816000 (14 bytes)
1560953581.760308 sending message 105 to peer 0x10f816000 (28 bytes)
1560953581.760312 sending message 105 to peer 0x10f816000 (52 bytes)
1560953581.760315 sending message 105 to peer 0x10f816000 (20 bytes)
1560953581.760319 sending message 105 to peer 0x10f816000 (17 bytes)
1560953581.760323 sending message 105 to peer 0x10f816000 (22 bytes)
1560953581.760328 sending message 105 to peer 0x10f816000 (20 bytes)
1560953581.760332 sending message 105 to peer 0x10f816000 (21 bytes)
1560953581.760335 sending message 105 to peer 0x10f816000 (24 bytes)
1560953581.760339 sending message 105 to peer 0x10f816000 (18 bytes)
1560953581.760342 sending message 105 to peer 0x10f816000 (22 bytes)
1560953581.760346 sending message 106 to peer 0x10f816000 (0 bytes)
1560953581.760352 sending message 200 to peer 0x10f816000 (4 bytes)
1560953581.760356 client loop enter
1560953581.760603 peer 0x10f816000 message 211
1560953581.760614 client_write: sessions should be nested with care, unset $TMUX to force\n
1560953581.760630 peer 0x10f816000 message 203
1560953581.760635 client loop exit
